2024-11-28 14:49:51:4951 [31merror[39m: [31mAuthentication error: Invalid password[39m
2024-11-28 14:58:04:584 [31merror[39m: [31mError sending OTP email: self-signed certificate in certificate chain[39m
2024-11-28 15:13:10:1310 [31merror[39m: [31mError in verify-otp: User validation failed: email: Please provide a valid email[39m
2024-11-28 15:45:12:4512 [31merror[39m: [31mError in OTP verification: User validation failed: email: Please provide a valid email[39m
2024-11-28 15:55:47:5547 [31merror[39m: [31mAuthentication error: No user found with this email[39m
2024-11-28 16:47:18:4718 [31merror[39m: [31mAuthentication error: No user found with this email[39m
2024-11-28 16:52:26:5226 [31merror[39m: [31mAuthentication error: Invalid password[39m
2024-11-28 16:53:33:5333 [31merror[39m: [31mAuthentication error: Invalid password[39m
2024-11-28 16:53:45:5345 [31merror[39m: [31mAuthentication error: Invalid password[39m
2024-11-28 16:55:01:551 [31merror[39m: [31mAuthentication error: Invalid password[39m
2024-11-28 16:55:07:557 [31merror[39m: [31mAuthentication error: No user found with this email[39m
2024-11-28 16:55:16:5516 [31merror[39m: [31mAuthentication error: No user found with this email[39m
2024-11-28 16:55:43:5543 [31merror[39m: [31mAuthentication error: No user found with this email[39m
2024-11-28 16:56:59:5659 [31merror[39m: [31mAuthentication error: No user found with this email[39m
2024-11-28 16:58:30:5830 [31merror[39m: [31mAuthentication error: No user found with this email[39m
2024-11-28 16:59:43:5943 [31merror[39m: [31mAuthentication error: No user found with this email[39m
2024-11-28 16:59:52:5952 [31merror[39m: [31mAuthentication error: Invalid password[39m
2024-11-28 17:00:37:037 [31merror[39m: [31mAuthentication error: Invalid password[39m
2024-11-28 17:00:41:041 [31merror[39m: [31mAuthentication error: No user found with this email[39m
2024-11-28 17:00:57:057 [31merror[39m: [31mAuthentication error: No user found with this email[39m
2024-11-28 17:01:59:159 [31merror[39m: [31mAuthentication error: No user found with this email[39m
2024-11-28 17:02:07:27 [31merror[39m: [31mAuthentication error: No user found with this email[39m
2024-11-28 17:02:12:212 [31merror[39m: [31mAuthentication error: No user found with this email[39m
2024-11-28 17:02:12:212 [31merror[39m: [31mAuthentication error: No user found with this email[39m
2024-11-28 17:02:52:252 [31merror[39m: [31mAuthentication error: No user found with this email[39m
2024-11-28 17:03:00:30 [31merror[39m: [31mAuthentication error: No user found with this email[39m
2024-11-28 17:03:30:330 [31merror[39m: [31mAuthentication error: Invalid password[39m
2024-11-28 17:05:11:511 [31merror[39m: [31mAuthentication error: Invalid password[39m
2024-11-28 17:05:14:514 [31merror[39m: [31mAuthentication error: Invalid password[39m
2024-11-28 17:05:24:524 [31merror[39m: [31mAuthentication error: Invalid password[39m
2024-11-28 17:06:11:611 [31merror[39m: [31mAuthentication error: Invalid password[39m
2024-11-28 17:06:20:620 [31merror[39m: [31mAuthentication error: Invalid password[39m
2024-11-28 17:06:30:630 [31merror[39m: [31mAuthentication error: Invalid password[39m
2024-11-28 17:06:35:635 [31merror[39m: [31mAuthentication error: Invalid password[39m
2024-11-28 17:08:23:823 [31merror[39m: [31mAuthentication error: Invalid password[39m
2024-11-28 17:08:29:829 [31merror[39m: [31mAuthentication error: Invalid password[39m
2024-11-28 17:10:06:106 [31merror[39m: [31mAuthentication error: Invalid password[39m
2024-11-28 17:10:12:1012 [31merror[39m: [31mAuthentication error: Invalid password[39m
2024-11-28 17:10:16:1016 [31merror[39m: [31mAuthentication error: Invalid password[39m
2024-11-28 17:12:14:1214 [31merror[39m: [31mAuthentication error: Invalid password[39m
2024-11-28 17:13:40:1340 [31merror[39m: [31mAuthentication error: Invalid password[39m
2024-11-28 17:14:52:1452 [31merror[39m: [31mAuthentication error: Invalid password[39m
2024-11-28 17:15:08:158 [31merror[39m: [31mAuthentication error: Invalid password[39m
2024-11-28 17:16:06:166 [31merror[39m: [31mAuthentication error: Invalid password[39m
2024-11-28 17:17:24:1724 [31merror[39m: [31mAuthentication error: No user found with this email[39m
2024-11-28 17:18:40:1840 [31merror[39m: [31mAuthentication error: Invalid password[39m
2024-11-28 17:20:03:203 [31merror[39m: [31mAuthentication error: Invalid password[39m
2024-11-28 17:21:26:2126 [31merror[39m: [31mAuthentication error: Invalid password[39m
2024-11-28 17:21:51:2151 [31merror[39m: [31mAuthentication error: No user found with this email[39m
2024-11-28 17:25:06:256 [31merror[39m: [31mAuthentication error: Invalid password[39m
